1508358853357	geckodriver	INFO	geckodriver 0.18.0
1508358853364	geckodriver	INFO	Listening on 127.0.0.1:53451
1508358854422	geckodriver::marionette	INFO	Starting browser /Applications/Firefox.app/Contents/MacOS/firefox-bin with args ["-marionette"]
1508358854939	addons.xpi	WARN	Error parsing extensions state: [Exception... "Component returned failure code: 0x80520012 (NS_ERROR_FILE_NOT_FOUND) [amIAddonManagerStartup.readStartupData]"  nsresult: "0x80520012 (NS_ERROR_FILE_NOT_FOUND)"  location: "JS frame :: resource://gre/modules/addons/XPIProvider.jsm :: loadExtensionState :: line 1554"  data: no] Stack trace: loadExtensionState()@resource://gre/modules/addons/XPIProvider.jsm:1554 < getInstallState()@resource://gre/modules/addons/XPIProvider.jsm:1589 < checkForChanges()@resource://gre/modules/addons/XPIProvider.jsm:3109 < startup()@resource://gre/modules/addons/XPIProvider.jsm:2188 < callProvider()@resource://gre/modules/AddonManager.jsm:269 < _startProvider()@resource://gre/modules/AddonManager.jsm:739 < startup()@resource://gre/modules/AddonManager.jsm:906 < startup()@resource://gre/modules/AddonManager.jsm:3090 < observe()@jar:file:///Applications/Firefox.app/Contents/Resources/omni.ja!/components/addonManager.js:65
1508358855264	Marionette	INFO	Enabled via --marionette
2017-10-18 13:34:16.094 plugin-container[1426:82656] *** CFMessagePort: bootstrap_register(): failed 1100 (0x44c) 'Permission denied', port = 0xa13b, name = 'com.apple.tsm.portname'
See /usr/include/servers/bootstrap_defs.h for the error codes.
2017-10-18 13:34:16.095 plugin-container[1426:82656] *** CFMessagePort: bootstrap_register(): failed 1100 (0x44c) 'Permission denied', port = 0xa403, name = 'com.apple.CFPasteboardClient'
See /usr/include/servers/bootstrap_defs.h for the error codes.
1508358856423	Marionette	INFO	Listening on port 53460
1508358856502	Marionette	WARN	TLS certificate errors will be ignored for this session
1508358856531	Marionette	DEBUG	Register listener.js for window 2147483649
1508358856595	Marionette	DEBUG	Received DOM event "beforeunload" for "about:blank"
1508358856649	Marionette	DEBUG	Received DOM event "pagehide" for "about:blank"
1508358856649	Marionette	DEBUG	Received DOM event "unload" for "about:blank"
1508358856908	Marionette	DEBUG	Received DOM event "DOMContentLoaded" for "http://hb.511.idaho.gov/"
1508358858041	Marionette	DEBUG	Received DOM event "pageshow" for "http://hb.511.idaho.gov/"
1508358860533	Marionette	DEBUG	Canceled page load listener because no navigation has been detected
1508358860609	Marionette	INFO	New connections will no longer be accepted
*** UTM:SVC TimerManager:registerTimer called after profile-before-change notification. Ignoring timer registration for id: telemetry_modules_ping
1508359153056	geckodriver	INFO	geckodriver 0.18.0
1508359153067	geckodriver	INFO	Listening on 127.0.0.1:53705
1508359154081	geckodriver::marionette	INFO	Starting browser /Applications/Firefox.app/Contents/MacOS/firefox-bin with args ["-marionette"]
1508359154453	addons.xpi	WARN	Error parsing extensions state: [Exception... "Component returned failure code: 0x80520012 (NS_ERROR_FILE_NOT_FOUND) [amIAddonManagerStartup.readStartupData]"  nsresult: "0x80520012 (NS_ERROR_FILE_NOT_FOUND)"  location: "JS frame :: resource://gre/modules/addons/XPIProvider.jsm :: loadExtensionState :: line 1554"  data: no] Stack trace: loadExtensionState()@resource://gre/modules/addons/XPIProvider.jsm:1554 < getInstallState()@resource://gre/modules/addons/XPIProvider.jsm:1589 < checkForChanges()@resource://gre/modules/addons/XPIProvider.jsm:3109 < startup()@resource://gre/modules/addons/XPIProvider.jsm:2188 < callProvider()@resource://gre/modules/AddonManager.jsm:269 < _startProvider()@resource://gre/modules/AddonManager.jsm:739 < startup()@resource://gre/modules/AddonManager.jsm:906 < startup()@resource://gre/modules/AddonManager.jsm:3090 < observe()@jar:file:///Applications/Firefox.app/Contents/Resources/omni.ja!/components/addonManager.js:65
1508359154770	Marionette	INFO	Enabled via --marionette
2017-10-18 13:39:15.770 plugin-container[1450:84206] *** CFMessagePort: bootstrap_register(): failed 1100 (0x44c) 'Permission denied', port = 0xa037, name = 'com.apple.tsm.portname'
See /usr/include/servers/bootstrap_defs.h for the error codes.
2017-10-18 13:39:15.771 plugin-container[1450:84206] *** CFMessagePort: bootstrap_register(): failed 1100 (0x44c) 'Permission denied', port = 0xa303, name = 'com.apple.CFPasteboardClient'
See /usr/include/servers/bootstrap_defs.h for the error codes.
1508359156112	Marionette	INFO	Listening on port 53714
1508359156162	Marionette	WARN	TLS certificate errors will be ignored for this session
1508359156191	Marionette	DEBUG	Register listener.js for window 2147483649
1508359156250	Marionette	DEBUG	Received DOM event "beforeunload" for "about:blank"
1508359156317	Marionette	DEBUG	Received DOM event "pagehide" for "about:blank"
1508359156317	Marionette	DEBUG	Received DOM event "unload" for "about:blank"
1508359156681	Marionette	DEBUG	Received DOM event "DOMContentLoaded" for "http://hb.511.idaho.gov/"
1508359157905	Marionette	DEBUG	Received DOM event "pageshow" for "http://hb.511.idaho.gov/"
1508359159595	Marionette	DEBUG	Canceled page load listener because no navigation has been detected
1508359159842	Marionette	INFO	New connections will no longer be accepted
1508359868639	geckodriver	INFO	geckodriver 0.18.0
1508359868652	geckodriver	INFO	Listening on 127.0.0.1:54087
1508359869661	geckodriver::marionette	INFO	Starting browser /Applications/Firefox.app/Contents/MacOS/firefox-bin with args ["-marionette"]
1508359869963	addons.xpi	WARN	Error parsing extensions state: [Exception... "Component returned failure code: 0x80520012 (NS_ERROR_FILE_NOT_FOUND) [amIAddonManagerStartup.readStartupData]"  nsresult: "0x80520012 (NS_ERROR_FILE_NOT_FOUND)"  location: "JS frame :: resource://gre/modules/addons/XPIProvider.jsm :: loadExtensionState :: line 1554"  data: no] Stack trace: loadExtensionState()@resource://gre/modules/addons/XPIProvider.jsm:1554 < getInstallState()@resource://gre/modules/addons/XPIProvider.jsm:1589 < checkForChanges()@resource://gre/modules/addons/XPIProvider.jsm:3109 < startup()@resource://gre/modules/addons/XPIProvider.jsm:2188 < callProvider()@resource://gre/modules/AddonManager.jsm:269 < _startProvider()@resource://gre/modules/AddonManager.jsm:739 < startup()@resource://gre/modules/AddonManager.jsm:906 < startup()@resource://gre/modules/AddonManager.jsm:3090 < observe()@jar:file:///Applications/Firefox.app/Contents/Resources/omni.ja!/components/addonManager.js:65
1508359870270	Marionette	INFO	Enabled via --marionette
2017-10-18 13:51:11.297 plugin-container[1475:90593] *** CFMessagePort: bootstrap_register(): failed 1100 (0x44c) 'Permission denied', port = 0xa33b, name = 'com.apple.tsm.portname'
See /usr/include/servers/bootstrap_defs.h for the error codes.
2017-10-18 13:51:11.298 plugin-container[1475:90593] *** CFMessagePort: bootstrap_register(): failed 1100 (0x44c) 'Permission denied', port = 0xa703, name = 'com.apple.CFPasteboardClient'
See /usr/include/servers/bootstrap_defs.h for the error codes.
1508359871631	Marionette	INFO	Listening on port 54096
1508359871733	Marionette	WARN	TLS certificate errors will be ignored for this session
1508359871762	Marionette	DEBUG	Register listener.js for window 2147483649
1508359871829	Marionette	DEBUG	Received DOM event "beforeunload" for "about:blank"
1508359871881	Marionette	DEBUG	Received DOM event "pagehide" for "about:blank"
1508359871882	Marionette	DEBUG	Received DOM event "unload" for "about:blank"
1508359872397	Marionette	DEBUG	Received DOM event "DOMContentLoaded" for "http://hb.511.idaho.gov/"
1508359873953	Marionette	DEBUG	Received DOM event "pageshow" for "http://hb.511.idaho.gov/"
1508359875369	Marionette	DEBUG	Canceled page load listener because no navigation has been detected
1508359875441	Marionette	INFO	New connections will no longer be accepted
1508439787937	geckodriver	INFO	geckodriver 0.18.0
1508439787941	geckodriver	INFO	Listening on 127.0.0.1:57174
1508439788996	geckodriver::marionette	INFO	Starting browser /Applications/Firefox.app/Contents/MacOS/firefox-bin with args ["-marionette"]
1508439789170	addons.xpi	WARN	Error parsing extensions state: [Exception... "Component returned failure code: 0x80520012 (NS_ERROR_FILE_NOT_FOUND) [amIAddonManagerStartup.readStartupData]"  nsresult: "0x80520012 (NS_ERROR_FILE_NOT_FOUND)"  location: "JS frame :: resource://gre/modules/addons/XPIProvider.jsm :: loadExtensionState :: line 1554"  data: no] Stack trace: loadExtensionState()@resource://gre/modules/addons/XPIProvider.jsm:1554 < getInstallState()@resource://gre/modules/addons/XPIProvider.jsm:1589 < checkForChanges()@resource://gre/modules/addons/XPIProvider.jsm:3109 < startup()@resource://gre/modules/addons/XPIProvider.jsm:2188 < callProvider()@resource://gre/modules/AddonManager.jsm:269 < _startProvider()@resource://gre/modules/AddonManager.jsm:739 < startup()@resource://gre/modules/AddonManager.jsm:906 < startup()@resource://gre/modules/AddonManager.jsm:3090 < observe()@jar:file:///Applications/Firefox.app/Contents/Resources/omni.ja!/components/addonManager.js:65
1508439789422	Marionette	INFO	Enabled via --marionette
2017-10-19 12:03:10.132 plugin-container[1417:63383] *** CFMessagePort: bootstrap_register(): failed 1100 (0x44c) 'Permission denied', port = 0xa23b, name = 'com.apple.tsm.portname'
See /usr/include/servers/bootstrap_defs.h for the error codes.
2017-10-19 12:03:10.133 plugin-container[1417:63383] *** CFMessagePort: bootstrap_register(): failed 1100 (0x44c) 'Permission denied', port = 0xa503, name = 'com.apple.CFPasteboardClient'
See /usr/include/servers/bootstrap_defs.h for the error codes.
1508439790377	Marionette	INFO	Listening on port 57183
1508439790443	Marionette	WARN	TLS certificate errors will be ignored for this session
1508439790471	Marionette	DEBUG	Register listener.js for window 2147483649
*** UTM:SVC TimerManager:registerTimer called after profile-before-change notification. Ignoring timer registration for id: telemetry_modules_ping
1508439829755	geckodriver	INFO	geckodriver 0.18.0
1508439829760	geckodriver	INFO	Listening on 127.0.0.1:57258
1508439830806	geckodriver::marionette	INFO	Starting browser /Applications/Firefox.app/Contents/MacOS/firefox-bin with args ["-marionette"]
1508439830965	addons.xpi	WARN	Error parsing extensions state: [Exception... "Component returned failure code: 0x80520012 (NS_ERROR_FILE_NOT_FOUND) [amIAddonManagerStartup.readStartupData]"  nsresult: "0x80520012 (NS_ERROR_FILE_NOT_FOUND)"  location: "JS frame :: resource://gre/modules/addons/XPIProvider.jsm :: loadExtensionState :: line 1554"  data: no] Stack trace: loadExtensionState()@resource://gre/modules/addons/XPIProvider.jsm:1554 < getInstallState()@resource://gre/modules/addons/XPIProvider.jsm:1589 < checkForChanges()@resource://gre/modules/addons/XPIProvider.jsm:3109 < startup()@resource://gre/modules/addons/XPIProvider.jsm:2188 < callProvider()@resource://gre/modules/AddonManager.jsm:269 < _startProvider()@resource://gre/modules/AddonManager.jsm:739 < startup()@resource://gre/modules/AddonManager.jsm:906 < startup()@resource://gre/modules/AddonManager.jsm:3090 < observe()@jar:file:///Applications/Firefox.app/Contents/Resources/omni.ja!/components/addonManager.js:65
1508439831208	Marionette	INFO	Enabled via --marionette
2017-10-19 12:03:51.891 plugin-container[1441:64057] *** CFMessagePort: bootstrap_register(): failed 1100 (0x44c) 'Permission denied', port = 0xa23b, name = 'com.apple.tsm.portname'
See /usr/include/servers/bootstrap_defs.h for the error codes.
2017-10-19 12:03:51.891 plugin-container[1441:64057] *** CFMessagePort: bootstrap_register(): failed 1100 (0x44c) 'Permission denied', port = 0xa503, name = 'com.apple.CFPasteboardClient'
See /usr/include/servers/bootstrap_defs.h for the error codes.
1508439832162	Marionette	INFO	Listening on port 57267
1508439832270	Marionette	WARN	TLS certificate errors will be ignored for this session
1508439832303	Marionette	DEBUG	Register listener.js for window 2147483649
1508439840876	Marionette	DEBUG	Received DOM event "beforeunload" for "about:blank"
1508439840940	Marionette	DEBUG	Received DOM event "pagehide" for "about:blank"
1508439840940	Marionette	DEBUG	Received DOM event "unload" for "about:blank"
1508439841251	Marionette	DEBUG	Received DOM event "DOMContentLoaded" for "http://hb.511.idaho.gov/"
1508439842186	Marionette	DEBUG	Received DOM event "pageshow" for "http://hb.511.idaho.gov/"
1508439843692	Marionette	DEBUG	Canceled page load listener because no navigation has been detected
1508439843758	Marionette	INFO	New connections will no longer be accepted
1508439951868	geckodriver	INFO	geckodriver 0.18.0
1508439951871	geckodriver	INFO	Listening on 127.0.0.1:57478
1508439952913	geckodriver::marionette	INFO	Starting browser /Applications/Firefox.app/Contents/MacOS/firefox-bin with args ["-marionette"]
1508439953097	addons.xpi	WARN	Error parsing extensions state: [Exception... "Component returned failure code: 0x80520012 (NS_ERROR_FILE_NOT_FOUND) [amIAddonManagerStartup.readStartupData]"  nsresult: "0x80520012 (NS_ERROR_FILE_NOT_FOUND)"  location: "JS frame :: resource://gre/modules/addons/XPIProvider.jsm :: loadExtensionState :: line 1554"  data: no] Stack trace: loadExtensionState()@resource://gre/modules/addons/XPIProvider.jsm:1554 < getInstallState()@resource://gre/modules/addons/XPIProvider.jsm:1589 < checkForChanges()@resource://gre/modules/addons/XPIProvider.jsm:3109 < startup()@resource://gre/modules/addons/XPIProvider.jsm:2188 < callProvider()@resource://gre/modules/AddonManager.jsm:269 < _startProvider()@resource://gre/modules/AddonManager.jsm:739 < startup()@resource://gre/modules/AddonManager.jsm:906 < startup()@resource://gre/modules/AddonManager.jsm:3090 < observe()@jar:file:///Applications/Firefox.app/Contents/Resources/omni.ja!/components/addonManager.js:65
1508439953347	Marionette	INFO	Enabled via --marionette
2017-10-19 12:05:54.032 plugin-container[1474:65547] *** CFMessagePort: bootstrap_register(): failed 1100 (0x44c) 'Permission denied', port = 0xa23b, name = 'com.apple.tsm.portname'
See /usr/include/servers/bootstrap_defs.h for the error codes.
2017-10-19 12:05:54.033 plugin-container[1474:65547] *** CFMessagePort: bootstrap_register(): failed 1100 (0x44c) 'Permission denied', port = 0xa503, name = 'com.apple.CFPasteboardClient'
See /usr/include/servers/bootstrap_defs.h for the error codes.
1508439954337	Marionette	INFO	Listening on port 57487
1508439954379	Marionette	WARN	TLS certificate errors will be ignored for this session
1508439954408	Marionette	DEBUG	Register listener.js for window 2147483649
1508440240391	geckodriver	INFO	geckodriver 0.18.0
1508440240395	geckodriver	INFO	Listening on 127.0.0.1:57723
1508440241451	geckodriver::marionette	INFO	Starting browser /Applications/Firefox.app/Contents/MacOS/firefox-bin with args ["-marionette"]
1508440241654	addons.xpi	WARN	Error parsing extensions state: [Exception... "Component returned failure code: 0x80520012 (NS_ERROR_FILE_NOT_FOUND) [amIAddonManagerStartup.readStartupData]"  nsresult: "0x80520012 (NS_ERROR_FILE_NOT_FOUND)"  location: "JS frame :: resource://gre/modules/addons/XPIProvider.jsm :: loadExtensionState :: line 1554"  data: no] Stack trace: loadExtensionState()@resource://gre/modules/addons/XPIProvider.jsm:1554 < getInstallState()@resource://gre/modules/addons/XPIProvider.jsm:1589 < checkForChanges()@resource://gre/modules/addons/XPIProvider.jsm:3109 < startup()@resource://gre/modules/addons/XPIProvider.jsm:2188 < callProvider()@resource://gre/modules/AddonManager.jsm:269 < _startProvider()@resource://gre/modules/AddonManager.jsm:739 < startup()@resource://gre/modules/AddonManager.jsm:906 < startup()@resource://gre/modules/AddonManager.jsm:3090 < observe()@jar:file:///Applications/Firefox.app/Contents/Resources/omni.ja!/components/addonManager.js:65
1508440241933	Marionette	INFO	Enabled via --marionette
2017-10-19 12:10:42.729 plugin-container[1514:68175] *** CFMessagePort: bootstrap_register(): failed 1100 (0x44c) 'Permission denied', port = 0xa237, name = 'com.apple.tsm.portname'
See /usr/include/servers/bootstrap_defs.h for the error codes.
2017-10-19 12:10:42.730 plugin-container[1514:68175] *** CFMessagePort: bootstrap_register(): failed 1100 (0x44c) 'Permission denied', port = 0xa503, name = 'com.apple.CFPasteboardClient'
See /usr/include/servers/bootstrap_defs.h for the error codes.
1508440243273	Marionette	INFO	Listening on port 57732
1508440243350	Marionette	WARN	TLS certificate errors will be ignored for this session
1508440243386	Marionette	DEBUG	Register listener.js for window 2147483649
1508440489769	geckodriver	INFO	geckodriver 0.18.0
1508440489772	geckodriver	INFO	Listening on 127.0.0.1:57882
1508440490819	geckodriver::marionette	INFO	Starting browser /Applications/Firefox.app/Contents/MacOS/firefox-bin with args ["-marionette"]
1508440491015	addons.xpi	WARN	Error parsing extensions state: [Exception... "Component returned failure code: 0x80520012 (NS_ERROR_FILE_NOT_FOUND) [amIAddonManagerStartup.readStartupData]"  nsresult: "0x80520012 (NS_ERROR_FILE_NOT_FOUND)"  location: "JS frame :: resource://gre/modules/addons/XPIProvider.jsm :: loadExtensionState :: line 1554"  data: no] Stack trace: loadExtensionState()@resource://gre/modules/addons/XPIProvider.jsm:1554 < getInstallState()@resource://gre/modules/addons/XPIProvider.jsm:1589 < checkForChanges()@resource://gre/modules/addons/XPIProvider.jsm:3109 < startup()@resource://gre/modules/addons/XPIProvider.jsm:2188 < callProvider()@resource://gre/modules/AddonManager.jsm:269 < _startProvider()@resource://gre/modules/AddonManager.jsm:739 < startup()@resource://gre/modules/AddonManager.jsm:906 < startup()@resource://gre/modules/AddonManager.jsm:3090 < observe()@jar:file:///Applications/Firefox.app/Contents/Resources/omni.ja!/components/addonManager.js:65
1508440491273	Marionette	INFO	Enabled via --marionette
2017-10-19 12:14:51.951 plugin-container[2642:72878] *** CFMessagePort: bootstrap_register(): failed 1100 (0x44c) 'Permission denied', port = 0xa23b, name = 'com.apple.tsm.portname'
See /usr/include/servers/bootstrap_defs.h for the error codes.
2017-10-19 12:14:51.952 plugin-container[2642:72878] *** CFMessagePort: bootstrap_register(): failed 1100 (0x44c) 'Permission denied', port = 0xa503, name = 'com.apple.CFPasteboardClient'
See /usr/include/servers/bootstrap_defs.h for the error codes.
1508440492375	Marionette	INFO	Listening on port 57891
1508440492387	Marionette	WARN	TLS certificate errors will be ignored for this session
1508440492419	Marionette	DEBUG	Register listener.js for window 2147483649
1508440497188	Marionette	DEBUG	Received DOM event "beforeunload" for "about:blank"
1508440497243	Marionette	DEBUG	Received DOM event "pagehide" for "about:blank"
1508440497243	Marionette	DEBUG	Received DOM event "unload" for "about:blank"
1508440497551	Marionette	DEBUG	Received DOM event "DOMContentLoaded" for "http://hb.511.idaho.gov/"
1508440498551	Marionette	DEBUG	Received DOM event "pageshow" for "http://hb.511.idaho.gov/"
1508440500067	Marionette	DEBUG	Canceled page load listener because no navigation has been detected
1508440500158	Marionette	INFO	New connections will no longer be accepted
1508440519921	geckodriver	INFO	geckodriver 0.18.0
1508440519924	geckodriver	INFO	Listening on 127.0.0.1:58173
1508440520969	geckodriver::marionette	INFO	Starting browser /Applications/Firefox.app/Contents/MacOS/firefox-bin with args ["-marionette"]
1508440521161	addons.xpi	WARN	Error parsing extensions state: [Exception... "Component returned failure code: 0x80520012 (NS_ERROR_FILE_NOT_FOUND) [amIAddonManagerStartup.readStartupData]"  nsresult: "0x80520012 (NS_ERROR_FILE_NOT_FOUND)"  location: "JS frame :: resource://gre/modules/addons/XPIProvider.jsm :: loadExtensionState :: line 1554"  data: no] Stack trace: loadExtensionState()@resource://gre/modules/addons/XPIProvider.jsm:1554 < getInstallState()@resource://gre/modules/addons/XPIProvider.jsm:1589 < checkForChanges()@resource://gre/modules/addons/XPIProvider.jsm:3109 < startup()@resource://gre/modules/addons/XPIProvider.jsm:2188 < callProvider()@resource://gre/modules/AddonManager.jsm:269 < _startProvider()@resource://gre/modules/AddonManager.jsm:739 < startup()@resource://gre/modules/AddonManager.jsm:906 < startup()@resource://gre/modules/AddonManager.jsm:3090 < observe()@jar:file:///Applications/Firefox.app/Contents/Resources/omni.ja!/components/addonManager.js:65
1508440521409	Marionette	INFO	Enabled via --marionette
2017-10-19 12:15:22.158 plugin-container[2668:74030] *** CFMessagePort: bootstrap_register(): failed 1100 (0x44c) 'Permission denied', port = 0xa13b, name = 'com.apple.tsm.portname'
See /usr/include/servers/bootstrap_defs.h for the error codes.
2017-10-19 12:15:22.158 plugin-container[2668:74030] *** CFMessagePort: bootstrap_register(): failed 1100 (0x44c) 'Permission denied', port = 0xa403, name = 'com.apple.CFPasteboardClient'
See /usr/include/servers/bootstrap_defs.h for the error codes.
1508440522381	Marionette	INFO	Listening on port 58182
1508440522435	Marionette	WARN	TLS certificate errors will be ignored for this session
1508440522465	Marionette	DEBUG	Register listener.js for window 2147483649
*** UTM:SVC TimerManager:registerTimer called after profile-before-change notification. Ignoring timer registration for id: telemetry_modules_ping
1508440638964	geckodriver	INFO	geckodriver 0.18.0
1508440638967	geckodriver	INFO	Listening on 127.0.0.1:58404
1508440640012	geckodriver::marionette	INFO	Starting browser /Applications/Firefox.app/Contents/MacOS/firefox-bin with args ["-marionette"]
1508440640207	addons.xpi	WARN	Error parsing extensions state: [Exception... "Component returned failure code: 0x80520012 (NS_ERROR_FILE_NOT_FOUND) [amIAddonManagerStartup.readStartupData]"  nsresult: "0x80520012 (NS_ERROR_FILE_NOT_FOUND)"  location: "JS frame :: resource://gre/modules/addons/XPIProvider.jsm :: loadExtensionState :: line 1554"  data: no] Stack trace: loadExtensionState()@resource://gre/modules/addons/XPIProvider.jsm:1554 < getInstallState()@resource://gre/modules/addons/XPIProvider.jsm:1589 < checkForChanges()@resource://gre/modules/addons/XPIProvider.jsm:3109 < startup()@resource://gre/modules/addons/XPIProvider.jsm:2188 < callProvider()@resource://gre/modules/AddonManager.jsm:269 < _startProvider()@resource://gre/modules/AddonManager.jsm:739 < startup()@resource://gre/modules/AddonManager.jsm:906 < startup()@resource://gre/modules/AddonManager.jsm:3090 < observe()@jar:file:///Applications/Firefox.app/Contents/Resources/omni.ja!/components/addonManager.js:65
1508440640460	Marionette	INFO	Enabled via --marionette
2017-10-19 12:17:21.167 plugin-container[2709:76027] *** CFMessagePort: bootstrap_register(): failed 1100 (0x44c) 'Permission denied', port = 0xa23b, name = 'com.apple.tsm.portname'
See /usr/include/servers/bootstrap_defs.h for the error codes.
2017-10-19 12:17:21.167 plugin-container[2709:76027] *** CFMessagePort: bootstrap_register(): failed 1100 (0x44c) 'Permission denied', port = 0xa503, name = 'com.apple.CFPasteboardClient'
See /usr/include/servers/bootstrap_defs.h for the error codes.
1508440641472	Marionette	INFO	Listening on port 58413
1508440641581	Marionette	WARN	TLS certificate errors will be ignored for this session
1508440641610	Marionette	DEBUG	Register listener.js for window 2147483649
1508440647751	Marionette	DEBUG	Received DOM event "beforeunload" for "about:blank"
1508440647821	Marionette	DEBUG	Received DOM event "pagehide" for "about:blank"
1508440647821	Marionette	DEBUG	Received DOM event "unload" for "about:blank"
1508440648172	Marionette	DEBUG	Received DOM event "DOMContentLoaded" for "http://hb.511.idaho.gov/"
1508440649318	Marionette	DEBUG	Received DOM event "pageshow" for "http://hb.511.idaho.gov/"
1508440650909	Marionette	DEBUG	Canceled page load listener because no navigation has been detected
1508440650989	Marionette	INFO	New connections will no longer be accepted
1508440802580	geckodriver	INFO	geckodriver 0.18.0
1508440802583	geckodriver	INFO	Listening on 127.0.0.1:58798
1508440803629	geckodriver::marionette	INFO	Starting browser /Applications/Firefox.app/Contents/MacOS/firefox-bin with args ["-marionette"]
1508440803821	addons.xpi	WARN	Error parsing extensions state: [Exception... "Component returned failure code: 0x80520012 (NS_ERROR_FILE_NOT_FOUND) [amIAddonManagerStartup.readStartupData]"  nsresult: "0x80520012 (NS_ERROR_FILE_NOT_FOUND)"  location: "JS frame :: resource://gre/modules/addons/XPIProvider.jsm :: loadExtensionState :: line 1554"  data: no] Stack trace: loadExtensionState()@resource://gre/modules/addons/XPIProvider.jsm:1554 < getInstallState()@resource://gre/modules/addons/XPIProvider.jsm:1589 < checkForChanges()@resource://gre/modules/addons/XPIProvider.jsm:3109 < startup()@resource://gre/modules/addons/XPIProvider.jsm:2188 < callProvider()@resource://gre/modules/AddonManager.jsm:269 < _startProvider()@resource://gre/modules/AddonManager.jsm:739 < startup()@resource://gre/modules/AddonManager.jsm:906 < startup()@resource://gre/modules/AddonManager.jsm:3090 < observe()@jar:file:///Applications/Firefox.app/Contents/Resources/omni.ja!/components/addonManager.js:65
1508440804073	Marionette	INFO	Enabled via --marionette
2017-10-19 12:20:04.702 plugin-container[2747:78272] *** CFMessagePort: bootstrap_register(): failed 1100 (0x44c) 'Permission denied', port = 0xa23b, name = 'com.apple.tsm.portname'
See /usr/include/servers/bootstrap_defs.h for the error codes.
2017-10-19 12:20:04.703 plugin-container[2747:78272] *** CFMessagePort: bootstrap_register(): failed 1100 (0x44c) 'Permission denied', port = 0xa503, name = 'com.apple.CFPasteboardClient'
See /usr/include/servers/bootstrap_defs.h for the error codes.
1508440805085	Marionette	INFO	Listening on port 58807
1508440805189	Marionette	WARN	TLS certificate errors will be ignored for this session
1508440805218	Marionette	DEBUG	Register listener.js for window 2147483649
1508440811870	Marionette	DEBUG	Received DOM event "beforeunload" for "about:blank"
1508440811937	Marionette	DEBUG	Received DOM event "pagehide" for "about:blank"
1508440811937	Marionette	DEBUG	Received DOM event "unload" for "about:blank"
1508440812275	Marionette	DEBUG	Received DOM event "DOMContentLoaded" for "http://hb.511.idaho.gov/"
1508440813499	Marionette	DEBUG	Received DOM event "pageshow" for "http://hb.511.idaho.gov/"
1508440814975	Marionette	DEBUG	Canceled page load listener because no navigation has been detected
1508440815043	Marionette	INFO	New connections will no longer be accepted
1508440871228	geckodriver	INFO	geckodriver 0.18.0
1508440871232	geckodriver	INFO	Listening on 127.0.0.1:59164
1508440872277	geckodriver::marionette	INFO	Starting browser /Applications/Firefox.app/Contents/MacOS/firefox-bin with args ["-marionette"]
1508440872466	addons.xpi	WARN	Error parsing extensions state: [Exception... "Component returned failure code: 0x80520012 (NS_ERROR_FILE_NOT_FOUND) [amIAddonManagerStartup.readStartupData]"  nsresult: "0x80520012 (NS_ERROR_FILE_NOT_FOUND)"  location: "JS frame :: resource://gre/modules/addons/XPIProvider.jsm :: loadExtensionState :: line 1554"  data: no] Stack trace: loadExtensionState()@resource://gre/modules/addons/XPIProvider.jsm:1554 < getInstallState()@resource://gre/modules/addons/XPIProvider.jsm:1589 < checkForChanges()@resource://gre/modules/addons/XPIProvider.jsm:3109 < startup()@resource://gre/modules/addons/XPIProvider.jsm:2188 < callProvider()@resource://gre/modules/AddonManager.jsm:269 < _startProvider()@resource://gre/modules/AddonManager.jsm:739 < startup()@resource://gre/modules/AddonManager.jsm:906 < startup()@resource://gre/modules/AddonManager.jsm:3090 < observe()@jar:file:///Applications/Firefox.app/Contents/Resources/omni.ja!/components/addonManager.js:65
1508440872716	Marionette	INFO	Enabled via --marionette
2017-10-19 12:21:13.600 plugin-container[2777:79910] *** CFMessagePort: bootstrap_register(): failed 1100 (0x44c) 'Permission denied', port = 0xa23b, name = 'com.apple.tsm.portname'
See /usr/include/servers/bootstrap_defs.h for the error codes.
2017-10-19 12:21:13.601 plugin-container[2777:79910] *** CFMessagePort: bootstrap_register(): failed 1100 (0x44c) 'Permission denied', port = 0xa603, name = 'com.apple.CFPasteboardClient'
See /usr/include/servers/bootstrap_defs.h for the error codes.
1508440873851	Marionette	INFO	Listening on port 59173
1508440873933	Marionette	WARN	TLS certificate errors will be ignored for this session
1508440873965	Marionette	DEBUG	Register listener.js for window 2147483649
1508440880130	Marionette	DEBUG	Received DOM event "beforeunload" for "about:blank"
1508440880192	Marionette	DEBUG	Received DOM event "pagehide" for "about:blank"
1508440880192	Marionette	DEBUG	Received DOM event "unload" for "about:blank"
1508440881641	Marionette	DEBUG	Received DOM event "DOMContentLoaded" for "http://hb.511.idaho.gov/"
1508440882806	Marionette	DEBUG	Received DOM event "pageshow" for "http://hb.511.idaho.gov/"
1508440884284	Marionette	DEBUG	Canceled page load listener because no navigation has been detected
1508440884344	Marionette	INFO	New connections will no longer be accepted
1508441873068	geckodriver	INFO	geckodriver 0.18.0
1508441873071	geckodriver	INFO	Listening on 127.0.0.1:59758
1508441874109	geckodriver::marionette	INFO	Starting browser /Applications/Firefox.app/Contents/MacOS/firefox-bin with args ["-marionette"]
1508441874320	addons.xpi	WARN	Error parsing extensions state: [Exception... "Component returned failure code: 0x80520012 (NS_ERROR_FILE_NOT_FOUND) [amIAddonManagerStartup.readStartupData]"  nsresult: "0x80520012 (NS_ERROR_FILE_NOT_FOUND)"  location: "JS frame :: resource://gre/modules/addons/XPIProvider.jsm :: loadExtensionState :: line 1554"  data: no] Stack trace: loadExtensionState()@resource://gre/modules/addons/XPIProvider.jsm:1554 < getInstallState()@resource://gre/modules/addons/XPIProvider.jsm:1589 < checkForChanges()@resource://gre/modules/addons/XPIProvider.jsm:3109 < startup()@resource://gre/modules/addons/XPIProvider.jsm:2188 < callProvider()@resource://gre/modules/AddonManager.jsm:269 < _startProvider()@resource://gre/modules/AddonManager.jsm:739 < startup()@resource://gre/modules/AddonManager.jsm:906 < startup()@resource://gre/modules/AddonManager.jsm:3090 < observe()@jar:file:///Applications/Firefox.app/Contents/Resources/omni.ja!/components/addonManager.js:65
1508441874581	Marionette	INFO	Enabled via --marionette
2017-10-19 12:37:55.411 plugin-container[2890:86964] *** CFMessagePort: bootstrap_register(): failed 1100 (0x44c) 'Permission denied', port = 0xa237, name = 'com.apple.tsm.portname'
See /usr/include/servers/bootstrap_defs.h for the error codes.
2017-10-19 12:37:55.411 plugin-container[2890:86964] *** CFMessagePort: bootstrap_register(): failed 1100 (0x44c) 'Permission denied', port = 0xa503, name = 'com.apple.CFPasteboardClient'
See /usr/include/servers/bootstrap_defs.h for the error codes.
1508441875683	Marionette	INFO	Listening on port 59767
1508441875779	Marionette	WARN	TLS certificate errors will be ignored for this session
1508441875812	Marionette	DEBUG	Register listener.js for window 2147483649
1508441884051	Marionette	DEBUG	Received DOM event "beforeunload" for "about:blank"
1508441884105	Marionette	DEBUG	Received DOM event "pagehide" for "about:blank"
1508441884105	Marionette	DEBUG	Received DOM event "unload" for "about:blank"
1508441884411	Marionette	DEBUG	Received DOM event "DOMContentLoaded" for "http://hb.511.idaho.gov/"
1508441885429	Marionette	DEBUG	Received DOM event "pageshow" for "http://hb.511.idaho.gov/"
1508441886856	Marionette	DEBUG	Canceled page load listener because no navigation has been detected
1508441886914	Marionette	INFO	New connections will no longer be accepted
1508445576935	geckodriver	INFO	geckodriver 0.18.0
1508445576939	geckodriver	INFO	Listening on 127.0.0.1:60228
1508445577994	geckodriver::marionette	INFO	Starting browser /Applications/Firefox.app/Contents/MacOS/firefox-bin with args ["-marionette"]
1508445578210	addons.xpi	WARN	Error parsing extensions state: [Exception... "Component returned failure code: 0x80520012 (NS_ERROR_FILE_NOT_FOUND) [amIAddonManagerStartup.readStartupData]"  nsresult: "0x80520012 (NS_ERROR_FILE_NOT_FOUND)"  location: "JS frame :: resource://gre/modules/addons/XPIProvider.jsm :: loadExtensionState :: line 1554"  data: no] Stack trace: loadExtensionState()@resource://gre/modules/addons/XPIProvider.jsm:1554 < getInstallState()@resource://gre/modules/addons/XPIProvider.jsm:1589 < checkForChanges()@resource://gre/modules/addons/XPIProvider.jsm:3109 < startup()@resource://gre/modules/addons/XPIProvider.jsm:2188 < callProvider()@resource://gre/modules/AddonManager.jsm:269 < _startProvider()@resource://gre/modules/AddonManager.jsm:739 < startup()@resource://gre/modules/AddonManager.jsm:906 < startup()@resource://gre/modules/AddonManager.jsm:3090 < observe()@jar:file:///Applications/Firefox.app/Contents/Resources/omni.ja!/components/addonManager.js:65
1508445578473	Marionette	INFO	Enabled via --marionette
2017-10-19 13:39:39.296 plugin-container[2949:95612] *** CFMessagePort: bootstrap_register(): failed 1100 (0x44c) 'Permission denied', port = 0xa23b, name = 'com.apple.tsm.portname'
See /usr/include/servers/bootstrap_defs.h for the error codes.
2017-10-19 13:39:39.297 plugin-container[2949:95612] *** CFMessagePort: bootstrap_register(): failed 1100 (0x44c) 'Permission denied', port = 0xa503, name = 'com.apple.CFPasteboardClient'
See /usr/include/servers/bootstrap_defs.h for the error codes.
1508445579545	Marionette	INFO	Listening on port 60237
1508445579579	Marionette	WARN	TLS certificate errors will be ignored for this session
1508445579613	Marionette	DEBUG	Register listener.js for window 2147483649
1508445586979	Marionette	DEBUG	Received DOM event "beforeunload" for "about:blank"
1508445587032	Marionette	DEBUG	Received DOM event "pagehide" for "about:blank"
1508445587032	Marionette	DEBUG	Received DOM event "unload" for "about:blank"
1508445587447	Marionette	DEBUG	Received DOM event "DOMContentLoaded" for "http://hb.511.idaho.gov/"
1508445588530	Marionette	DEBUG	Received DOM event "pageshow" for "http://hb.511.idaho.gov/"
1508445589984	Marionette	DEBUG	Canceled page load listener because no navigation has been detected
1508445590049	Marionette	INFO	New connections will no longer be accepted
1508446243879	geckodriver	INFO	geckodriver 0.18.0
1508446243884	geckodriver	INFO	Listening on 127.0.0.1:61153
1508446244929	geckodriver::marionette	INFO	Starting browser /Applications/Firefox.app/Contents/MacOS/firefox-bin with args ["-marionette"]
1508446245165	addons.xpi	WARN	Error parsing extensions state: [Exception... "Component returned failure code: 0x80520012 (NS_ERROR_FILE_NOT_FOUND) [amIAddonManagerStartup.readStartupData]"  nsresult: "0x80520012 (NS_ERROR_FILE_NOT_FOUND)"  location: "JS frame :: resource://gre/modules/addons/XPIProvider.jsm :: loadExtensionState :: line 1554"  data: no] Stack trace: loadExtensionState()@resource://gre/modules/addons/XPIProvider.jsm:1554 < getInstallState()@resource://gre/modules/addons/XPIProvider.jsm:1589 < checkForChanges()@resource://gre/modules/addons/XPIProvider.jsm:3109 < startup()@resource://gre/modules/addons/XPIProvider.jsm:2188 < callProvider()@resource://gre/modules/AddonManager.jsm:269 < _startProvider()@resource://gre/modules/AddonManager.jsm:739 < startup()@resource://gre/modules/AddonManager.jsm:906 < startup()@resource://gre/modules/AddonManager.jsm:3090 < observe()@jar:file:///Applications/Firefox.app/Contents/Resources/omni.ja!/components/addonManager.js:65
1508446245423	Marionette	INFO	Enabled via --marionette
2017-10-19 13:50:46.275 plugin-container[3027:100291] *** CFMessagePort: bootstrap_register(): failed 1100 (0x44c) 'Permission denied', port = 0xa33b, name = 'com.apple.tsm.portname'
See /usr/include/servers/bootstrap_defs.h for the error codes.
2017-10-19 13:50:46.276 plugin-container[3027:100291] *** CFMessagePort: bootstrap_register(): failed 1100 (0x44c) 'Permission denied', port = 0xa703, name = 'com.apple.CFPasteboardClient'
See /usr/include/servers/bootstrap_defs.h for the error codes.
1508446246598	Marionette	INFO	Listening on port 61162
1508446246635	Marionette	WARN	TLS certificate errors will be ignored for this session
1508446246670	Marionette	DEBUG	Register listener.js for window 2147483649
1508446253982	Marionette	DEBUG	Received DOM event "beforeunload" for "about:blank"
1508446254033	Marionette	DEBUG	Received DOM event "pagehide" for "about:blank"
1508446254034	Marionette	DEBUG	Received DOM event "unload" for "about:blank"
1508446254324	Marionette	DEBUG	Received DOM event "DOMContentLoaded" for "http://hb.511.idaho.gov/"
1508446255191	Marionette	DEBUG	Received DOM event "pageshow" for "http://hb.511.idaho.gov/"
1508446256648	Marionette	DEBUG	Canceled page load listener because no navigation has been detected
1508446256710	Marionette	INFO	New connections will no longer be accepted
[Child 3027] WARNING: pipe error: Broken pipe: file /home/worker/workspace/build/src/ipc/chromium/src/chrome/common/ipc_channel_posix.cc, line 709
1513616889957	geckodriver	INFO	geckodriver 0.18.0
1513616889965	geckodriver	INFO	Listening on 127.0.0.1:50205
1513616891010	geckodriver::marionette	INFO	Starting browser /Applications/Firefox.app/Contents/MacOS/firefox-bin with args ["-marionette"]
1513616891720	Marionette	INFO	Enabled via --marionette
2017-12-18 09:08:12.605 plugin-container[876:25752] *** CFMessagePort: bootstrap_register(): failed 1100 (0x44c) 'Permission denied', port = 0xa137, name = 'com.apple.tsm.portname'
See /usr/include/servers/bootstrap_defs.h for the error codes.
1513616893200	Marionette	INFO	Listening on port 50214
1513616893295	Marionette	WARN	TLS certificate errors will be ignored for this session
1513616893346	Marionette	DEBUG	Register listener.js for window 2147483649
1513616900793	Marionette	DEBUG	Received DOM event "beforeunload" for "about:blank"
1513616900863	Marionette	DEBUG	Received DOM event "pagehide" for "about:blank"
1513616900863	Marionette	DEBUG	Received DOM event "unload" for "about:blank"
1513616901159	Marionette	DEBUG	Received DOM event "DOMContentLoaded" for "http://hb.511.idaho.gov/"
1513616902973	Marionette	DEBUG	Received DOM event "pageshow" for "http://hb.511.idaho.gov/#roadReports?timeFrame=TODAY&layers=roadReports%2CwinterDriving%2CweatherWarnings%2CotherStates"
1513616903273	Marionette	DEBUG	Canceled page load listener because no navigation has been detected
[Child 876, Chrome_ChildThread] WARNING: pipe error: Broken pipe: file /builds/worker/workspace/build/src/ipc/chromium/src/chrome/common/ipc_channel_posix.cc, line 709
1513616924857	geckodriver	INFO	geckodriver 0.18.0
1513616924861	geckodriver	INFO	Listening on 127.0.0.1:50569
1513616925905	geckodriver::marionette	INFO	Starting browser /Applications/Firefox.app/Contents/MacOS/firefox-bin with args ["-marionette"]
1513616926324	Marionette	INFO	Enabled via --marionette
2017-12-18 09:08:46.953 plugin-container[910:27219] *** CFMessagePort: bootstrap_register(): failed 1100 (0x44c) 'Permission denied', port = 0xa333, name = 'com.apple.tsm.portname'
See /usr/include/servers/bootstrap_defs.h for the error codes.
1513616927274	Marionette	INFO	Listening on port 50578
1513616927356	Marionette	WARN	TLS certificate errors will be ignored for this session
1513616927411	Marionette	DEBUG	Register listener.js for window 2147483649
1513616933191	Marionette	DEBUG	Received DOM event "beforeunload" for "about:blank"
1513616933249	Marionette	DEBUG	Received DOM event "pagehide" for "about:blank"
1513616933250	Marionette	DEBUG	Received DOM event "unload" for "about:blank"
1513616933467	Marionette	DEBUG	Received DOM event "DOMContentLoaded" for "http://hb.511.idaho.gov/"
1513616934383	Marionette	DEBUG	Received DOM event "pageshow" for "http://hb.511.idaho.gov/"
1513616936450	Marionette	DEBUG	Canceled page load listener because no navigation has been detected
1513616948106	geckodriver	INFO	geckodriver 0.18.0
1513616948110	geckodriver	INFO	Listening on 127.0.0.1:50908
1513616949159	geckodriver::marionette	INFO	Starting browser /Applications/Firefox.app/Contents/MacOS/firefox-bin with args ["-marionette"]
1513616949550	Marionette	INFO	Enabled via --marionette
2017-12-18 09:09:10.186 plugin-container[939:28317] *** CFMessagePort: bootstrap_register(): failed 1100 (0x44c) 'Permission denied', port = 0xa237, name = 'com.apple.tsm.portname'
See /usr/include/servers/bootstrap_defs.h for the error codes.
1513616950463	Marionette	INFO	Listening on port 50917
1513616950505	Marionette	WARN	TLS certificate errors will be ignored for this session
1513616950550	Marionette	DEBUG	Register listener.js for window 2147483649
1513616956171	Marionette	DEBUG	Received DOM event "beforeunload" for "about:blank"
1513616956232	Marionette	DEBUG	Received DOM event "pagehide" for "about:blank"
1513616956232	Marionette	DEBUG	Received DOM event "unload" for "about:blank"
1513616956456	Marionette	DEBUG	Received DOM event "DOMContentLoaded" for "http://hb.511.idaho.gov/"
1513616959651	Marionette	DEBUG	Received DOM event "pageshow" for "http://hb.511.idaho.gov/#roadReports?timeFrame=TODAY&layers=roadReports%2CwinterDriving%2CweatherWarnings%2CotherStates"
1513616959937	Marionette	DEBUG	Canceled page load listener because no navigation has been detected
1513616980978	geckodriver	INFO	geckodriver 0.18.0
1513616980982	geckodriver	INFO	Listening on 127.0.0.1:51238
1513616982023	geckodriver::marionette	INFO	Starting browser /Applications/Firefox.app/Contents/MacOS/firefox-bin with args ["-marionette"]
1513616982437	Marionette	INFO	Enabled via --marionette
2017-12-18 09:09:43.087 plugin-container[966:29834] *** CFMessagePort: bootstrap_register(): failed 1100 (0x44c) 'Permission denied', port = 0xa337, name = 'com.apple.tsm.portname'
See /usr/include/servers/bootstrap_defs.h for the error codes.
1513616983418	Marionette	INFO	Listening on port 51247
1513616983484	Marionette	WARN	TLS certificate errors will be ignored for this session
1513616983545	Marionette	DEBUG	Register listener.js for window 2147483649
1513616990180	Marionette	DEBUG	Received DOM event "beforeunload" for "about:blank"
1513616990236	Marionette	DEBUG	Received DOM event "pagehide" for "about:blank"
1513616990236	Marionette	DEBUG	Received DOM event "unload" for "about:blank"
1513616990510	Marionette	DEBUG	Received DOM event "DOMContentLoaded" for "http://hb.511.idaho.gov/"
1513616991624	Marionette	DEBUG	Received DOM event "pageshow" for "http://hb.511.idaho.gov/"
1513616992920	Marionette	DEBUG	Canceled page load listener because no navigation has been detected
1513724157038	geckodriver	INFO	geckodriver 0.18.0
1513724157044	geckodriver	INFO	Listening on 127.0.0.1:59244
1513724158135	geckodriver::marionette	INFO	Starting browser /Applications/Firefox.app/Contents/MacOS/firefox-bin with args ["-marionette"]
1513724158869	Marionette	INFO	Enabled via --marionette
2017-12-19 14:55:59.869 plugin-container[1723:143832] *** CFMessagePort: bootstrap_register(): failed 1100 (0x44c) 'Permission denied', port = 0xa137, name = 'com.apple.tsm.portname'
See /usr/include/servers/bootstrap_defs.h for the error codes.
1513724160543	Marionette	INFO	Listening on port 59257
1513724160643	Marionette	WARN	TLS certificate errors will be ignored for this session
1513724160698	Marionette	DEBUG	Register listener.js for window 2147483649
1513724344189	geckodriver	INFO	geckodriver 0.18.0
1513724344193	geckodriver	INFO	Listening on 127.0.0.1:60101
1513724345249	geckodriver::marionette	INFO	Starting browser /Applications/Firefox.app/Contents/MacOS/firefox-bin with args ["-marionette"]
1513724345739	Marionette	INFO	Enabled via --marionette
2017-12-19 14:59:06.527 plugin-container[1764:147230] *** CFMessagePort: bootstrap_register(): failed 1100 (0x44c) 'Permission denied', port = 0xa137, name = 'com.apple.tsm.portname'
See /usr/include/servers/bootstrap_defs.h for the error codes.
1513724346799	Marionette	INFO	Listening on port 60114
1513724346827	Marionette	WARN	TLS certificate errors will be ignored for this session
1513724346882	Marionette	DEBUG	Register listener.js for window 2147483649
1513724444818	geckodriver	INFO	geckodriver 0.18.0
1513724444828	geckodriver	INFO	Listening on 127.0.0.1:60611
1513724445871	geckodriver::marionette	INFO	Starting browser /Applications/Firefox.app/Contents/MacOS/firefox-bin with args ["-marionette"]
1513724446337	Marionette	INFO	Enabled via --marionette
2017-12-19 15:00:47.132 plugin-container[1794:148965] *** CFMessagePort: bootstrap_register(): failed 1100 (0x44c) 'Permission denied', port = 0xa03b, name = 'com.apple.tsm.portname'
See /usr/include/servers/bootstrap_defs.h for the error codes.
1513724447610	Marionette	INFO	Listening on port 60624
1513724447656	Marionette	WARN	TLS certificate errors will be ignored for this session
1513724447718	Marionette	DEBUG	Register listener.js for window 2147483649
*** UTM:SVC TimerManager:registerTimer called after profile-before-change notification. Ignoring timer registration for id: telemetry_modules_ping
2017-12-19 15:06:27.931 plugin-container[1918:154447] *** CFMessagePort: bootstrap_register(): failed 1100 (0x44c) 'Permission denied', port = 0xa23b, name = 'com.apple.tsm.portname'
See /usr/include/servers/bootstrap_defs.h for the error codes.
2017-12-19 15:06:44.397 plugin-container[1919:154829] *** CFMessagePort: bootstrap_register(): failed 1100 (0x44c) 'Permission denied', port = 0xa02f, name = 'com.apple.tsm.portname'
See /usr/include/servers/bootstrap_defs.h for the error codes.
2017-12-19 15:11:27.705 plugin-container[1947:158065] *** CFMessagePort: bootstrap_register(): failed 1100 (0x44c) 'Permission denied', port = 0xad37, name = 'com.apple.tsm.portname'
See /usr/include/servers/bootstrap_defs.h for the error codes.
2017-12-19 15:17:05.091 plugin-container[2020:162924] *** CFMessagePort: bootstrap_register(): failed 1100 (0x44c) 'Permission denied', port = 0xa033, name = 'com.apple.tsm.portname'
See /usr/include/servers/bootstrap_defs.h for the error codes.
2017-12-19 15:17:56.666 plugin-container[2024:163722] *** CFMessagePort: bootstrap_register(): failed 1100 (0x44c) 'Permission denied', port = 0x9e33, name = 'com.apple.tsm.portname'
See /usr/include/servers/bootstrap_defs.h for the error codes.
1513725701008	geckodriver	INFO	geckodriver 0.18.0
1513725701012	geckodriver	INFO	Listening on 127.0.0.1:55952
1513725702063	geckodriver::marionette	INFO	Starting browser /Applications/Firefox.app/Contents/MacOS/firefox-bin with args ["-marionette"]
1513725702531	Marionette	INFO	Enabled via --marionette
2017-12-19 15:21:43.298 plugin-container[2085:166757] *** CFMessagePort: bootstrap_register(): failed 1100 (0x44c) 'Permission denied', port = 0xa133, name = 'com.apple.tsm.portname'
See /usr/include/servers/bootstrap_defs.h for the error codes.
1513725703615	Marionette	INFO	Listening on port 55965
1513725703636	Marionette	WARN	TLS certificate errors will be ignored for this session
1513725703688	Marionette	DEBUG	Register listener.js for window 2147483649
*** UTM:SVC TimerManager:registerTimer called after profile-before-change notification. Ignoring timer registration for id: telemetry_modules_ping
1513725722756	geckodriver	INFO	geckodriver 0.18.0
1513725722761	geckodriver	INFO	Listening on 127.0.0.1:56122
1513725723808	geckodriver::marionette	INFO	Starting browser /Applications/Firefox.app/Contents/MacOS/firefox-bin with args ["-marionette"]
1513725724217	Marionette	INFO	Enabled via --marionette
2017-12-19 15:22:04.866 plugin-container[2111:167624] *** CFMessagePort: bootstrap_register(): failed 1100 (0x44c) 'Permission denied', port = 0xa237, name = 'com.apple.tsm.portname'
See /usr/include/servers/bootstrap_defs.h for the error codes.
1513725725361	Marionette	INFO	Listening on port 56136
1513725725450	Marionette	WARN	TLS certificate errors will be ignored for this session
1513725725494	Marionette	DEBUG	Register listener.js for window 2147483649
1513725731300	Marionette	DEBUG	Received DOM event "beforeunload" for "about:blank"
1513725731365	Marionette	DEBUG	Received DOM event "pagehide" for "about:blank"
1513725731366	Marionette	DEBUG	Received DOM event "unload" for "about:blank"
1513725731618	Marionette	DEBUG	Received DOM event "DOMContentLoaded" for "http://hb.511.idaho.gov/"
1513725733830	Marionette	DEBUG	Received DOM event "pageshow" for "http://hb.511.idaho.gov/#roadReports?timeFrame=TODAY&layers=roadReports%2CwinterDriving%2CweatherWarnings%2CotherStates"
1513725734139	Marionette	DEBUG	Canceled page load listener because no navigation has been detected
1513726354651	geckodriver	INFO	geckodriver 0.18.0
1513726354656	geckodriver	INFO	Listening on 127.0.0.1:52520
1513726355708	geckodriver::marionette	INFO	Starting browser /Applications/Firefox.app/Contents/MacOS/firefox-bin with args ["-marionette"]
1513726356240	Marionette	INFO	Enabled via --marionette
2017-12-19 15:32:37.211 plugin-container[2272:177010] *** CFMessagePort: bootstrap_register(): failed 1100 (0x44c) 'Permission denied', port = 0xa237, name = 'com.apple.tsm.portname'
See /usr/include/servers/bootstrap_defs.h for the error codes.
1513726357688	Marionette	INFO	Listening on port 52529
1513726357796	Marionette	WARN	TLS certificate errors will be ignored for this session
1513726357857	Marionette	DEBUG	Register listener.js for window 2147483649
1513726385704	geckodriver	INFO	geckodriver 0.18.0
1513726385708	geckodriver	INFO	Listening on 127.0.0.1:52716
1513726386755	geckodriver::marionette	INFO	Starting browser /Applications/Firefox.app/Contents/MacOS/firefox-bin with args ["-marionette"]
1513726387261	Marionette	INFO	Enabled via --marionette
2017-12-19 15:33:08.208 plugin-container[2293:177767] *** CFMessagePort: bootstrap_register(): failed 1100 (0x44c) 'Permission denied', port = 0xa13f, name = 'com.apple.tsm.portname'
See /usr/include/servers/bootstrap_defs.h for the error codes.
1513726388597	Marionette	INFO	Listening on port 52729
1513726388686	Marionette	WARN	TLS certificate errors will be ignored for this session
1513726388748	Marionette	DEBUG	Register listener.js for window 2147483649
*** UTM:SVC TimerManager:registerTimer called after profile-before-change notification. Ignoring timer registration for id: telemetry_modules_ping
*** UTM:SVC TimerManager:registerTimer called after profile-before-change notification. Ignoring timer registration for id: telemetry_modules_ping
2017-12-19 15:37:13.971 plugin-container[2325:180869] *** CFMessagePort: bootstrap_register(): failed 1100 (0x44c) 'Permission denied', port = 0x9d37, name = 'com.apple.tsm.portname'
See /usr/include/servers/bootstrap_defs.h for the error codes.
2017-12-19 15:38:03.371 plugin-container[2330:181539] *** CFMessagePort: bootstrap_register(): failed 1100 (0x44c) 'Permission denied', port = 0x9e37, name = 'com.apple.tsm.portname'
See /usr/include/servers/bootstrap_defs.h for the error codes.
1513727582368	geckodriver	INFO	geckodriver 0.18.0
1513727582372	geckodriver	INFO	Listening on 127.0.0.1:63395
1513727583436	geckodriver::marionette	INFO	Starting browser /Applications/Firefox.app/Contents/MacOS/firefox-bin with args ["-marionette"]
1513727584024	Marionette	INFO	Enabled via --marionette
2017-12-19 15:53:04.925 plugin-container[2379:190420] *** CFMessagePort: bootstrap_register(): failed 1100 (0x44c) 'Permission denied', port = 0xa237, name = 'com.apple.tsm.portname'
See /usr/include/servers/bootstrap_defs.h for the error codes.
1513727585241	Marionette	INFO	Listening on port 63408
1513727585342	Marionette	WARN	TLS certificate errors will be ignored for this session
1513727585391	Marionette	DEBUG	Register listener.js for window 2147483649
1513727686230	geckodriver	INFO	geckodriver 0.18.0
1513727686235	geckodriver	INFO	Listening on 127.0.0.1:63958
1513727687286	geckodriver::marionette	INFO	Starting browser /Applications/Firefox.app/Contents/MacOS/firefox-bin with args ["-marionette"]
1513727687754	Marionette	INFO	Enabled via --marionette
2017-12-19 15:54:48.486 plugin-container[2409:192015] *** CFMessagePort: bootstrap_register(): failed 1100 (0x44c) 'Permission denied', port = 0xa033, name = 'com.apple.tsm.portname'
See /usr/include/servers/bootstrap_defs.h for the error codes.
1513727688880	Marionette	INFO	Listening on port 63971
1513727688964	Marionette	WARN	TLS certificate errors will be ignored for this session
1513727689022	Marionette	DEBUG	Register listener.js for window 2147483649
*** UTM:SVC TimerManager:registerTimer called after profile-before-change notification. Ignoring timer registration for id: telemetry_modules_ping
1513727729988	geckodriver	INFO	geckodriver 0.18.0
1513727730004	geckodriver	INFO	Listening on 127.0.0.1:64236
1513727731036	geckodriver::marionette	INFO	Starting browser /Applications/Firefox.app/Contents/MacOS/firefox-bin with args ["-marionette"]
1513727731497	Marionette	INFO	Enabled via --marionette
2017-12-19 15:55:32.331 plugin-container[2436:193211] *** CFMessagePort: bootstrap_register(): failed 1100 (0x44c) 'Permission denied', port = 0xa137, name = 'com.apple.tsm.portname'
See /usr/include/servers/bootstrap_defs.h for the error codes.
1513727732968	Marionette	INFO	Listening on port 64249
1513727733036	Marionette	WARN	TLS certificate errors will be ignored for this session
1513727733090	Marionette	DEBUG	Register listener.js for window 2147483649
1513727774356	Marionette	DEBUG	Received DOM event "beforeunload" for "about:blank"
1513727774425	Marionette	DEBUG	Received DOM event "pagehide" for "about:blank"
1513727774425	Marionette	DEBUG	Received DOM event "unload" for "about:blank"
1513727774686	Marionette	DEBUG	Received DOM event "DOMContentLoaded" for "http://hb.511.idaho.gov/"
1513727775773	Marionette	DEBUG	Received DOM event "pageshow" for "http://hb.511.idaho.gov/"
1513727806046	Marionette	DEBUG	Canceled page load listener because no navigation has been detected
1513874550808	geckodriver	INFO	geckodriver 0.18.0
1513874550816	geckodriver	INFO	Listening on 127.0.0.1:57009
1513874551870	geckodriver::marionette	INFO	Starting browser /Applications/Firefox.app/Contents/MacOS/firefox-bin with args ["-marionette"]
1513874552547	Marionette	INFO	Enabled via --marionette
2017-12-21 08:42:33.416 plugin-container[824:17314] *** CFMessagePort: bootstrap_register(): failed 1100 (0x44c) 'Permission denied', port = 0xa137, name = 'com.apple.tsm.portname'
See /usr/include/servers/bootstrap_defs.h for the error codes.
1513874553748	Marionette	INFO	Listening on port 57018
1513874553840	Marionette	WARN	TLS certificate errors will be ignored for this session
1513874553888	Marionette	DEBUG	Register listener.js for window 2147483649
1513874589476	Marionette	DEBUG	Received DOM event "beforeunload" for "about:blank"
1513874589582	Marionette	DEBUG	Received DOM event "pagehide" for "about:blank"
1513874589582	Marionette	DEBUG	Received DOM event "unload" for "about:blank"
1513874589869	Marionette	DEBUG	Received DOM event "DOMContentLoaded" for "http://hb.511.idaho.gov/"
1513874591759	Marionette	DEBUG	Received DOM event "pageshow" for "http://hb.511.idaho.gov/#roadReports?timeFrame=TODAY&layers=roadReports%2CwinterDriving%2CweatherWarnings%2CotherStates"
1513874622045	Marionette	DEBUG	Canceled page load listener because no navigation has been detected
